============================================================
  Generated by:           Genus(TM) Synthesis Solution 16.13-s036_1
  Generated on:           Jun 15 2023  12:28:23 pm
  Module:                 TOP
  Technology library:     fast_vdd1v0 1.0
  Operating conditions:   PVT_1P1V_0C 
  Interconnect mode:      global
  Area mode:              timing library
============================================================

Timing
--------

  Clock   Period 
-----------------
func_clk 10000.0 


  Cost     Critical       Violating 
  Group   Path Slack TNS    Paths   
------------------------------------
C2C         No paths   0            
C2O           9336.1   0          0 
default     No paths   0            
func_clk    No paths   0            
I2C           9089.7   0          0 
I2O           8926.8   0          0 
------------------------------------
Total                  0          0 

Instance Count
--------------
Leaf Instance Count             257 
Sequential Instance Count         5 
Combinational Instance Count    252 
Hierarchical Instance Count       4 

Area
----
Cell Area                          808.798
Physical Cell Area                 0.000
Total Cell Area (Cell+Physical)    808.798
Net Area                           3.706
Total Area (Cell+Physical+Net)     812.504

Runtime                            0.0 seconds
Elapsed Runtime                    25 seconds
Genus peak memory usage            483.66 
Innovus peak memory usage          no_value 
Hostname                           CadenceServer3.localdomain
