============================================================
  Generated by:           Genus(TM) Synthesis Solution 16.13-s036_1
  Generated on:           Jun 13 2023  03:41:49 pm
  Module:                 TOP
  Technology libraries:   slow_vdd1v0 1.0
                          fast_vdd1v0 1.0
  Operating conditions:   PVT_0P9V_125C 
  Interconnect mode:      global
  Area mode:              timing library
============================================================

path   1:

          Pin                       Type          Fanout Load Slew Delay Arrival   Location    
                                                         (fF) (ps)  (ps)   (ps)       (x,   y) 
-----------------------------------------------------------------------------------------------
(clock func_clk)               launch                                          0 R             
(TOP.sdc_line_17_6_1)          ext delay                            +500     500 R             
B[0]                      (u)  in port                 8  9.6    0    +0     500 R             
alu_inst/B[0] 
  add_45_12/B[0] 
    g1/in_1                                                           +0     500               
    g1/z                  (u)  unmapped_nand2          1  1.1    0   +79     579 F             
    g25/in_0                                                          +0     579               
    g25/z                 (u)  unmapped_not            3  3.6    0   +76     655 R             
    g9/in_1                                                           +0     655               
    g9/z                  (u)  unmapped_nand2          1  1.1    0   +79     733 F             
    g10/in_2                                                          +0     733               
    g10/z                 (u)  unmapped_nand3          3  3.6    0  +166     900 R             
    g15/in_1                                                          +0     900               
    g15/z                 (u)  unmapped_nand2          1  1.1    0   +79     978 F             
    g16/in_2                                                          +0     978               
    g16/z                 (u)  unmapped_nand3          3  3.6    0  +166    1144 R             
    g24/in_0                                                          +0    1144               
    g24/z                 (u)  unmapped_xor2           3  3.3    0  +205    1349 F             
  add_45_12/Z[3] 
  sharing_mux100_g6/data2                                             +0    1349               
  sharing_mux100_g6/z     (u)  unmapped_mux6           2  2.2    0  +203    1552 F             
  gte_72_13_Y_gt_36_10_Y_gte_45_15_Y_gte_63_16/B[3] 
    g49/in_1                                                          +0    1552               
    g49/z                 (u)  unmapped_complex2       2  2.4    0   +93    1645 R             
    g26/in_1                                                          +0    1645               
    g26/z                 (u)  unmapped_nor2           1  1.1    0   +79    1724 F             
    g30/in_0                                                          +0    1724               
    g30/z                 (u)  unmapped_nand2          1  1.2    0   +79    1802 R             
    g31/in_1                                                          +0    1802               
    g31/z                 (u)  unmapped_nand2          1  1.1    0   +79    1881 F             
    g58/in_0                                                          +0    1881               
    g58/z                 (u)  unmapped_complex2       1  1.2    0   +79    1959 R             
    g34/in_1                                                          +0    1959               
    g34/z                 (u)  unmapped_nand2          2  2.2    0   +93    2052 F             
    g8/in_0                                                           +0    2052               
    g8/z                  (u)  unmapped_not            1  1.2    0   +43    2096 R             
  gte_72_13_Y_gt_36_10_Y_gte_45_15_Y_gte_63_16/GT 
  g820/in_0                                                           +0    2096               
  g820/z                  (u)  unmapped_not            1  1.1    0   +43    2139 F             
  g847/in_0                                                           +0    2139               
  g847/z                  (u)  unmapped_nor2           1  1.2    0   +79    2218 R             
  g848/in_0                                                           +0    2218               
  g848/z                  (u)  unmapped_not            1  1.1    0   +43    2261 F             
  g851/in_2                                                           +0    2261               
  g851/z                  (u)  unmapped_nand4          1  1.2    0  +205    2466 R             
  g852/in_0                                                           +0    2466               
  g852/z                  (u)  unmapped_not            1  1.1    0   +43    2509 F             
  g853/in_0                                                           +0    2509               
  g853/z                  (u)  unmapped_nand2          1  1.2    0   +79    2588 R             
  Cout_reg/d                   unmapped_d_flop                        +0    2588               
  Cout_reg/clk                 setup                             0  +198    2785 R             
- - - - - - - - - - - - - - - - - - - - - - - - - - - - - - - - - - - - - - - - - - - - - - - -
(clock func_clk)               capture                                     10000 R             
-----------------------------------------------------------------------------------------------
Cost Group   : 'I2C' (path_group 'I2C')
Timing slack :    7215ps 
Start-point  : B[0]
End-point    : alu_inst/Cout_reg/d

(u) : Net has unmapped pin(s).

path   2:

          Pin                      Type         Fanout Load Slew Delay Arrival   Location    
                                                       (fF) (ps)  (ps)   (ps)       (x,   y) 
---------------------------------------------------------------------------------------------
(clock func_clk)               launch                                        0 R             
(TOP.sdc_line_17_6_1)          ext delay                          +500     500 R             
B[0]                      (u)  in port               8  9.6    0    +0     500 R             
alu_inst/B[0] 
  add_45_12/B[0] 
    g1/in_1                                                         +0     500               
    g1/z                  (u)  unmapped_nand2        1  1.1    0   +79     579 F             
    g25/in_0                                                        +0     579               
    g25/z                 (u)  unmapped_not          3  3.6    0   +76     655 R             
    g9/in_1                                                         +0     655               
    g9/z                  (u)  unmapped_nand2        1  1.1    0   +79     733 F             
    g10/in_2                                                        +0     733               
    g10/z                 (u)  unmapped_nand3        3  3.6    0  +166     900 R             
    g15/in_1                                                        +0     900               
    g15/z                 (u)  unmapped_nand2        1  1.1    0   +79     978 F             
    g16/in_2                                                        +0     978               
    g16/z                 (u)  unmapped_nand3        3  3.6    0  +166    1144 R             
    g24/in_0                                                        +0    1144               
    g24/z                 (u)  unmapped_xor2         3  3.6    0  +205    1349 R             
  add_45_12/Z[3] 
  sharing_mux531_g1/data1                                           +0    1349               
  sharing_mux531_g1/z     (u)  unmapped_mux4         1  1.2    0  +134    1483 R             
  inc_add_53_12_Y_add_44_12_1/A[3] 
    g17/in_1                                                        +0    1483               
    g17/z                 (u)  unmapped_xnor2        1  1.2    0  +172    1655 R             
  inc_add_53_12_Y_add_44_12_1/Z[3] 
  mux_F_16_541_g1/data2                                             +0    1655               
  mux_F_16_541_g1/z       (u)  unmapped_mux20        1  1.2    0  +368    2022 R             
  F_reg[3]/d                   unmapped_d_flop                      +0    2022               
  F_reg[3]/clk                 setup                           0  +198    2220 R             
- - - - - - - - - - - - - - - - - - - - - - - - - - - - - - - - - - - - - - - - - - - - - - -
(clock func_clk)               capture                                   10000 R             
---------------------------------------------------------------------------------------------
Cost Group   : 'I2C' (path_group 'I2C')
Timing slack :    7780ps 
Start-point  : B[0]
End-point    : alu_inst/F_reg[3]/d

(u) : Net has unmapped pin(s).

path   3:

          Pin                      Type         Fanout Load Slew Delay Arrival   Location    
                                                       (fF) (ps)  (ps)   (ps)       (x,   y) 
---------------------------------------------------------------------------------------------
(clock func_clk)               launch                                        0 R             
(TOP.sdc_line_17_6_1)          ext delay                          +500     500 R             
B[0]                      (u)  in port               8  9.6    0    +0     500 R             
alu_inst/B[0] 
  add_45_12/B[0] 
    g1/in_1                                                         +0     500               
    g1/z                  (u)  unmapped_nand2        1  1.1    0   +79     579 F             
    g25/in_0                                                        +0     579               
    g25/z                 (u)  unmapped_not          3  3.6    0   +76     655 R             
    g9/in_1                                                         +0     655               
    g9/z                  (u)  unmapped_nand2        1  1.1    0   +79     733 F             
    g10/in_2                                                        +0     733               
    g10/z                 (u)  unmapped_nand3        3  3.6    0  +166     900 R             
    g18/in_0                                                        +0     900               
    g18/z                 (u)  unmapped_xor2         3  3.6    0  +205    1104 R             
  add_45_12/Z[2] 
  sharing_mux531_g5/data1                                           +0    1104               
  sharing_mux531_g5/z     (u)  unmapped_mux4         2  2.4    0  +148    1252 R             
  inc_add_53_12_Y_add_44_12_1/A[2] 
    g11/in_0                                                        +0    1252               
    g11/z                 (u)  unmapped_xor2         1  1.2    0  +172    1424 R             
  inc_add_53_12_Y_add_44_12_1/Z[2] 
  mux_F_16_541_g5/data2                                             +0    1424               
  mux_F_16_541_g5/z       (u)  unmapped_mux20        1  1.2    0  +368    1792 R             
  F_reg[2]/d                   unmapped_d_flop                      +0    1792               
  F_reg[2]/clk                 setup                           0  +198    1989 R             
- - - - - - - - - - - - - - - - - - - - - - - - - - - - - - - - - - - - - - - - - - - - - - -
(clock func_clk)               capture                                   10000 R             
---------------------------------------------------------------------------------------------
Cost Group   : 'I2C' (path_group 'I2C')
Timing slack :    8011ps 
Start-point  : B[0]
End-point    : alu_inst/F_reg[2]/d

(u) : Net has unmapped pin(s).

path   4:

          Pin                      Type         Fanout Load Slew Delay Arrival   Location    
                                                       (fF) (ps)  (ps)   (ps)       (x,   y) 
---------------------------------------------------------------------------------------------
(clock func_clk)               launch                                        0 R             
(TOP.sdc_line_17_5_1)          ext delay                          +500     500 R             
B[1]                      (u)  in port               8  9.6    0    +0     500 R             
alu_inst/B[1] 
  sub_35_10/B[1] 
    g4/in_0                                                         +0     500               
    g4/z                  (u)  unmapped_not          2  2.2    0   +58     558 F             
    g11/in_1                                                        +0     558               
    g11/z                 (u)  unmapped_nor2         1  1.2    0   +79     636 R             
    g17/in_0                                                        +0     636               
    g17/z                 (u)  unmapped_not          2  2.2    0   +58     694 F             
    g29/in_0                                                        +0     694               
    g29/z                 (u)  unmapped_nand2        1  1.2    0   +79     772 R             
    g30/in_1                                                        +0     772               
    g30/z                 (u)  unmapped_xnor2        2  2.4    0  +186     958 R             
  sub_35_10/Z[1] 
  sharing_mux537_g6/data1                                           +0     958               
  sharing_mux537_g6/z     (u)  unmapped_mux4         2  2.4    0  +148    1106 R             
  dec_sub_26_10_Y_sub_35_12_2/A[1] 
    g20/in_1                                                        +0    1106               
    g20/z                 (u)  unmapped_xnor2        1  1.2    0  +172    1278 R             
  dec_sub_26_10_Y_sub_35_12_2/Z[1] 
  mux_F_16_541_g6/data1                                             +0    1278               
  mux_F_16_541_g6/z       (u)  unmapped_mux20        1  1.2    0  +368    1646 R             
  F_reg[1]/d                   unmapped_d_flop                      +0    1646               
  F_reg[1]/clk                 setup                           0  +198    1844 R             
- - - - - - - - - - - - - - - - - - - - - - - - - - - - - - - - - - - - - - - - - - - - - - -
(clock func_clk)               capture                                   10000 R             
---------------------------------------------------------------------------------------------
Cost Group   : 'I2C' (path_group 'I2C')
Timing slack :    8156ps 
Start-point  : B[1]
End-point    : alu_inst/F_reg[1]/d

(u) : Net has unmapped pin(s).

path   5:

          Pin                     Type         Fanout Load Slew Delay Arrival   Location    
                                                      (fF) (ps)  (ps)   (ps)       (x,   y) 
--------------------------------------------------------------------------------------------
(clock func_clk)              launch                                        0 R             
(TOP.sdc_line_18_7_1)         ext delay                          +500     500 R             
S[1]                     (u)  in port               3  3.6    0    +0     500 R             
alu_inst/S[1] 
  g811/in_0                                                        +0     500               
  g811/z                 (u)  unmapped_not          2  2.2    0   +58     558 F             
  g825/in_0                                                        +0     558               
  g825/z                 (u)  unmapped_nand2        4  4.8    0  +118     676 R             
  g26/in_1                                                         +0     676               
  g26/z                  (u)  unmapped_nor2        13 14.3    0  +172     848 F             
  sharing_mux537_g7/sel1                                           +0     848               
  sharing_mux537_g7/z    (u)  unmapped_mux4         2  2.2    0  +148     996 F             
  dec_sub_26_10_Y_sub_35_12_2/A[0] 
    g11/in_0                                                       +0     996               
    g11/z                (u)  unmapped_xor2         1  1.2    0  +172    1168 R             
  dec_sub_26_10_Y_sub_35_12_2/Z[0] 
  mux_F_16_541_g7/data1                                            +0    1168               
  mux_F_16_541_g7/z      (u)  unmapped_mux20        1  1.2    0  +368    1535 R             
  F_reg[0]/d                  unmapped_d_flop                      +0    1535               
  F_reg[0]/clk                setup                           0  +198    1733 R             
- - - - - - - - - - - - - - - - - - - - - - - - - - - - - - - - - - - - - - - - - - - - - - 
(clock func_clk)              capture                                   10000 R             
--------------------------------------------------------------------------------------------
Cost Group   : 'I2C' (path_group 'I2C')
Timing slack :    8267ps 
Start-point  : S[1]
End-point    : alu_inst/F_reg[0]/d

(u) : Net has unmapped pin(s).

path   6:

         Pin                    Type        Fanout Load Slew Delay Arrival   Location    
                                                   (fF) (ps)  (ps)   (ps)       (x,   y) 
-----------------------------------------------------------------------------------------
(clock func_clk)            launch                                       0 R             
(TOP.sdc_line_20_9_1)       ext delay                         +500     500 R             
H[0]                   (u)  in port              4  4.8    0    +0     500 R             
shifter_inst/H[0] 
  mux_O_8_8_g4/sel0                                             +0     500               
  mux_O_8_8_g4/z       (u)  unmapped_bmux6       1  3.9    0  +297     797 R             
shifter_inst/O[0] 
O[0]                        out port                            +0     797 R             
(TOP.sdc_line_23_12_1)      ext delay                         +500    1297 R             
- - - - - - - - - - - - - - - - - - - - - - - - - - - - - - - - - - - - - - - - - - - - -
(clock func_clk)            capture                                  10000 R             
-----------------------------------------------------------------------------------------
Cost Group   : 'I2O' (path_group 'I2O')
Timing slack :    8703ps 
Start-point  : H[0]
End-point    : O[0]

(u) : Net has unmapped pin(s).

path   7:

         Pin                    Type        Fanout Load Slew Delay Arrival   Location    
                                                   (fF) (ps)  (ps)   (ps)       (x,   y) 
-----------------------------------------------------------------------------------------
(clock func_clk)            launch                                       0 R             
(TOP.sdc_line_20_9_1)       ext delay                         +500     500 R             
H[0]                   (u)  in port              4  4.8    0    +0     500 R             
shifter_inst/H[0] 
  mux_O_8_8_g3/sel0                                             +0     500               
  mux_O_8_8_g3/z       (u)  unmapped_bmux6       1  3.9    0  +297     797 R             
shifter_inst/O[1] 
O[1]                        out port                            +0     797 R             
(TOP.sdc_line_23_11_1)      ext delay                         +500    1297 R             
- - - - - - - - - - - - - - - - - - - - - - - - - - - - - - - - - - - - - - - - - - - - -
(clock func_clk)            capture                                  10000 R             
-----------------------------------------------------------------------------------------
Cost Group   : 'I2O' (path_group 'I2O')
Timing slack :    8703ps 
Start-point  : H[0]
End-point    : O[1]

(u) : Net has unmapped pin(s).

path   8:

         Pin                    Type        Fanout Load Slew Delay Arrival   Location    
                                                   (fF) (ps)  (ps)   (ps)       (x,   y) 
-----------------------------------------------------------------------------------------
(clock func_clk)            launch                                       0 R             
(TOP.sdc_line_20_9_1)       ext delay                         +500     500 R             
H[0]                   (u)  in port              4  4.8    0    +0     500 R             
shifter_inst/H[0] 
  mux_O_8_8_g2/sel0                                             +0     500               
  mux_O_8_8_g2/z       (u)  unmapped_bmux6       1  3.9    0  +297     797 R             
shifter_inst/O[2] 
O[2]                        out port                            +0     797 R             
(TOP.sdc_line_23_10_1)      ext delay                         +500    1297 R             
- - - - - - - - - - - - - - - - - - - - - - - - - - - - - - - - - - - - - - - - - - - - -
(clock func_clk)            capture                                  10000 R             
-----------------------------------------------------------------------------------------
Cost Group   : 'I2O' (path_group 'I2O')
Timing slack :    8703ps 
Start-point  : H[0]
End-point    : O[2]

(u) : Net has unmapped pin(s).

path   9:

        Pin                    Type        Fanout Load Slew Delay Arrival   Location    
                                                  (fF) (ps)  (ps)   (ps)       (x,   y) 
----------------------------------------------------------------------------------------
(clock func_clk)           launch                                       0 R             
(TOP.sdc_line_20_9_1)      ext delay                         +500     500 R             
H[0]                  (u)  in port              4  4.8    0    +0     500 R             
shifter_inst/H[0] 
  mux_O_8_8_g1/sel0                                            +0     500               
  mux_O_8_8_g1/z      (u)  unmapped_bmux6       1  3.9    0  +297     797 R             
shifter_inst/O[3] 
O[3]                       out port                            +0     797 R             
(TOP.sdc_line_23)          ext delay                         +500    1297 R             
- - - - - - - - - - - - - - - - - - - - - - - - - - - - - - - - - - - - - - - - - - - - 
(clock func_clk)           capture                                  10000 R             
----------------------------------------------------------------------------------------
Cost Group   : 'I2O' (path_group 'I2O')
Timing slack :    8703ps 
Start-point  : H[0]
End-point    : O[3]

(u) : Net has unmapped pin(s).

path  10:

      Pin                  Type         Fanout Load Slew Delay Arrival   Location    
                                               (fF) (ps)  (ps)   (ps)       (x,   y) 
-------------------------------------------------------------------------------------
(clock func_clk)       launch                                        0 R             
alu_inst
  Cout_reg/clk                                         0             0 R             
  Cout_reg/q      (u)  unmapped_d_flop       1  3.9    0  +302     302 R             
alu_inst/Cout 
Cout                   out port                             +0     302 R             
(TOP.sdc_line_22)      ext delay                          +500     802 R             
- - - - - - - - - - - - - - - - - - - - - - - - - - - - - - - - - - - - - - - - - - -
(clock func_clk)       capture                                   10000 R             
-------------------------------------------------------------------------------------
Cost Group   : 'C2O' (path_group 'C2O')
Timing slack :    9198ps 
Start-point  : alu_inst/Cout_reg/clk
End-point    : Cout

(u) : Net has unmapped pin(s).

path  11:

     Pin                 Type         Fanout Load Slew Delay Arrival   Location    
                                             (fF) (ps)  (ps)   (ps)       (x,   y) 
-----------------------------------------------------------------------------------
reset           (a)  in port               5  0.0    0    +0       0 R             
alu_inst/reset 
  F_reg[3]/aclr      unmapped_d_flop                      +0       0               
-----------------------------------------------------------------------------------
Timing slack :  UNCONSTRAINED
Start-point  : reset
End-point    : alu_inst/F_reg[3]/aclr

(a) : Net has asynchronous load pins which are being considered ideal.

path  12:

                   Pin                                  Type         Fanout Load Slew Delay Arrival   Location    
                                                                            (fF) (ps)  (ps)   (ps)       (x,   y) 
------------------------------------------------------------------------------------------------------------------
(clock func_clk)                                    launch                                        0 R             
(create_clock_delay_domain_1_func_clk_R_0)          ext delay                            +0       0 R             
clk                                        (i) (u)  in port               5  0.0    0    +0       0 R             
alu_inst/clk (i)
  F_reg[3]/clk                                      unmapped_d_flop                      +0       0               
------------------------------------------------------------------------------------------------------------------
Timing slack :  UNCONSTRAINED
Start-point  : clk
End-point    : alu_inst/F_reg[3]/clk

(u) : Net has unmapped pin(s).
(i) : Net is ideal.

path  13:

     Pin                 Type         Fanout Load Slew Delay Arrival   Location    
                                             (fF) (ps)  (ps)   (ps)       (x,   y) 
-----------------------------------------------------------------------------------
reset           (a)  in port               5  0.0    0    +0       0 R             
alu_inst/reset 
  F_reg[2]/aclr      unmapped_d_flop                      +0       0               
-----------------------------------------------------------------------------------
Timing slack :  UNCONSTRAINED
Start-point  : reset
End-point    : alu_inst/F_reg[2]/aclr

(a) : Net has asynchronous load pins which are being considered ideal.

path  14:

                   Pin                                  Type         Fanout Load Slew Delay Arrival   Location    
                                                                            (fF) (ps)  (ps)   (ps)       (x,   y) 
------------------------------------------------------------------------------------------------------------------
(clock func_clk)                                    launch                                        0 R             
(create_clock_delay_domain_1_func_clk_R_0)          ext delay                            +0       0 R             
clk                                        (i) (u)  in port               5  0.0    0    +0       0 R             
alu_inst/clk (i)
  F_reg[2]/clk                                      unmapped_d_flop                      +0       0               
------------------------------------------------------------------------------------------------------------------
Timing slack :  UNCONSTRAINED
Start-point  : clk
End-point    : alu_inst/F_reg[2]/clk

(u) : Net has unmapped pin(s).
(i) : Net is ideal.

path  15:

     Pin                 Type         Fanout Load Slew Delay Arrival   Location    
                                             (fF) (ps)  (ps)   (ps)       (x,   y) 
-----------------------------------------------------------------------------------
reset           (a)  in port               5  0.0    0    +0       0 R             
alu_inst/reset 
  F_reg[1]/aclr      unmapped_d_flop                      +0       0               
-----------------------------------------------------------------------------------
Timing slack :  UNCONSTRAINED
Start-point  : reset
End-point    : alu_inst/F_reg[1]/aclr

(a) : Net has asynchronous load pins which are being considered ideal.

path  16:

                   Pin                                  Type         Fanout Load Slew Delay Arrival   Location    
                                                                            (fF) (ps)  (ps)   (ps)       (x,   y) 
------------------------------------------------------------------------------------------------------------------
(clock func_clk)                                    launch                                        0 R             
(create_clock_delay_domain_1_func_clk_R_0)          ext delay                            +0       0 R             
clk                                        (i) (u)  in port               5  0.0    0    +0       0 R             
alu_inst/clk (i)
  F_reg[1]/clk                                      unmapped_d_flop                      +0       0               
------------------------------------------------------------------------------------------------------------------
Timing slack :  UNCONSTRAINED
Start-point  : clk
End-point    : alu_inst/F_reg[1]/clk

(u) : Net has unmapped pin(s).
(i) : Net is ideal.

path  17:

     Pin                 Type         Fanout Load Slew Delay Arrival   Location    
                                             (fF) (ps)  (ps)   (ps)       (x,   y) 
-----------------------------------------------------------------------------------
reset           (a)  in port               5  0.0    0    +0       0 R             
alu_inst/reset 
  F_reg[0]/aclr      unmapped_d_flop                      +0       0               
-----------------------------------------------------------------------------------
Timing slack :  UNCONSTRAINED
Start-point  : reset
End-point    : alu_inst/F_reg[0]/aclr

(a) : Net has asynchronous load pins which are being considered ideal.

path  18:

                   Pin                                  Type         Fanout Load Slew Delay Arrival   Location    
                                                                            (fF) (ps)  (ps)   (ps)       (x,   y) 
------------------------------------------------------------------------------------------------------------------
(clock func_clk)                                    launch                                        0 R             
(create_clock_delay_domain_1_func_clk_R_0)          ext delay                            +0       0 R             
clk                                        (i) (u)  in port               5  0.0    0    +0       0 R             
alu_inst/clk (i)
  F_reg[0]/clk                                      unmapped_d_flop                      +0       0               
------------------------------------------------------------------------------------------------------------------
Timing slack :  UNCONSTRAINED
Start-point  : clk
End-point    : alu_inst/F_reg[0]/clk

(u) : Net has unmapped pin(s).
(i) : Net is ideal.

path  19:

     Pin                 Type         Fanout Load Slew Delay Arrival   Location    
                                             (fF) (ps)  (ps)   (ps)       (x,   y) 
-----------------------------------------------------------------------------------
reset           (a)  in port               5  0.0    0    +0       0 R             
alu_inst/reset 
  Cout_reg/aclr      unmapped_d_flop                      +0       0               
-----------------------------------------------------------------------------------
Timing slack :  UNCONSTRAINED
Start-point  : reset
End-point    : alu_inst/Cout_reg/aclr

(a) : Net has asynchronous load pins which are being considered ideal.

path  20:

                   Pin                                  Type         Fanout Load Slew Delay Arrival   Location    
                                                                            (fF) (ps)  (ps)   (ps)       (x,   y) 
------------------------------------------------------------------------------------------------------------------
(clock func_clk)                                    launch                                        0 R             
(create_clock_delay_domain_1_func_clk_R_0)          ext delay                            +0       0 R             
clk                                        (i) (u)  in port               5  0.0    0    +0       0 R             
alu_inst/clk (i)
  Cout_reg/clk                                      unmapped_d_flop                      +0       0               
------------------------------------------------------------------------------------------------------------------
Timing slack :  UNCONSTRAINED
Start-point  : clk
End-point    : alu_inst/Cout_reg/clk

(u) : Net has unmapped pin(s).
(i) : Net is ideal.
