============================================================
  Generated by:           Genus(TM) Synthesis Solution 16.13-s036_1
  Generated on:           Jun 13 2023  03:41:49 pm
  Module:                 TOP
  Technology libraries:   slow_vdd1v0 1.0
                          fast_vdd1v0 1.0
  Operating conditions:   PVT_0P9V_125C 
  Interconnect mode:      global
  Area mode:              timing library
============================================================

Timing
--------

  Clock   Period 
-----------------
func_clk 10000.0 


  Cost     Critical       Violating 
  Group   Path Slack TNS    Paths   
------------------------------------
C2C         No paths   0            
C2O           8845.3   0          0 
default     No paths   0            
func_clk    No paths   0            
I2C           7215.0   0          0 
I2O           8703.0   0          0 
------------------------------------
Total                  0          0 

Instance Count
--------------
Leaf Instance Count             195 
Sequential Instance Count         5 
Combinational Instance Count    190 
Hierarchical Instance Count       7 

Area
----
Cell Area                          711.368
Physical Cell Area                 0.000
Total Cell Area (Cell+Physical)    711.368
Net Area                           3.707
Total Area (Cell+Physical+Net)     715.075

Runtime                            0.0 seconds
Elapsed Runtime                    29 seconds
Genus peak memory usage            497.68 
Innovus peak memory usage          no_value 
Hostname                           CadenceServer3.localdomain
