Command: report datapath > reports_Jun13-15:41:45/generic/TOP_datapath.rpt
============================================================
  Generated by:           Genus(TM) Synthesis Solution 16.13-s036_1
  Generated on:           Jun 13 2023  03:41:50 pm
  Module:                 TOP
  Technology libraries:   slow_vdd1v0 1.0
                          fast_vdd1v0 1.0
  Operating conditions:   PVT_0P9V_125C 
  Interconnect mode:      global
  Area mode:              timing library
============================================================


Inferred components

               Operator Signedness Inputs Outputs CellArea 
===========================================================
TOP
 alu_inst
  add_45_12
  module:add_unsigned_436
   slow           +     unsigned   4x4    5          58.72 
===========================================================
TOP
 alu_inst
  dec_sub_26_10_Y_sub_35_12_2
  module:decrement_unsigned_3
   very_fast  decrement unsigned   4x1    4          18.69 
-----------------------------------------------------------
   sub_26_10_Y_sub_35_12
                  -     unsigned   4x1    4                
===========================================================
TOP
 alu_inst
  gte_72_13_Y_gt_36_10_Y_gte_45_15_Y_gte_63_16
  module:gt_leq_unsigned_92
   very_fast     >,<=   unsigned   5x5    1x1        49.38 
-----------------------------------------------------------
   gte_72_13
    very_fast     >=    unsigned   4x4    1                
   gt_36_10
    very_fast     >     unsigned   4x4    1                
   gte_45_15
    very_fast     >=    unsigned   5x4    1                
   gte_63_16
    very_fast     >=    unsigned   5x5    1                
===========================================================
TOP
 alu_inst
  inc_add_53_12_Y_add_44_12_1
  module:increment_unsigned_2
   very_fast  increment unsigned   4x1    4          18.69 
-----------------------------------------------------------
   add_53_12_Y_add_44_12
                  +     unsigned   4x1    4                
===========================================================
TOP
 alu_inst
  sub_35_10
  module:sub_unsigned_8
   very_fast      -     unsigned   4x4    4          60.06 
===========================================================

      Type       CellArea Percentage 
-------------------------------------
datapath modules   205.54      28.89 
external muxes       0.00       0.00 
others             505.83      71.11 
-------------------------------------
total              711.37     100.00 

