********************************************************************************
Product   : Virtuoso(R) XStream Out
Program   : @(#)$CDS: strmout version 6.1.7-64b 09/27/2016 19:46 (sjfhw302) $
          : sub-version  IC6.1.7-64b.500.7 
Started at: 15-Jun-2023  09:29:12
User Name : Team14
Host Name : CadenceServer3.localdomain
Directory : /home/Team14/cds_digital/ALU_Project/PnR
CADENCE Design Systems, Inc.
********************************************************************************
Info: Cellview Rev Num:99,  Tech Rev Num:59

INFO (XSTRM-217): Reading the layer map file, /home/cad/tech/process/gpdk045_v_5_0/gpdk045/gpdk045.layermap
INFO (XSTRM-162): You have not used the viaMap option. If the OpenAccess design has native oaVia instances, use the -viaMap option for preserving oaVia instances in a Stream Out - Stream In round trip. Using the -viaMap option improves performance and VM usage of applications using the Streamed-In design.  For details on the viaMap option, refer to the "Design Data Translator's Reference" guide for XStream.

Summary of Options :
library                                 PnR
strmFile                                /home/Team14/cds_digital/ALU_Project/PnR/drc/TOP.gds
topCell                                 TOP
view                                    layout
runDir                                  /home/Team14/cds_digital/ALU_Project/PnR/drc
logFile                                 /home/Team14/cds_digital/ALU_Project/PnR/drc/PIPO1.LOG
techLib                                 gpdk045
hierDepth                               32
maxVertices                             2048
layerMap                                /home/cad/tech/process/gpdk045_v_5_0/gpdk045/gpdk045.layermap
userSkillFile                           /home/Team14/cds_digital/ALU_Project/PnR/drc/strmout.il
labelDepth                              32
case                                    Preserve
convertDot                              node

INFO (XSTRM-223): 1. Translating cellView gpdk045/M4_M3/layout as STRUCTURE M4_M3$$1.
INFO (XSTRM-223): 2. Translating cellView gpdk045/M3_M2/layout as STRUCTURE M3_M2$$2.
INFO (XSTRM-223): 3. Translating cellView gpdk045/M2_M1/layout as STRUCTURE M2_M1$$3.
INFO (XSTRM-223): 4. Translating cellView gpdk045/M2_M1/layout as STRUCTURE M2_M1$$4.
INFO (XSTRM-223): 5. Translating cellView gpdk045/M3_M2/layout as STRUCTURE M3_M2$$5.
INFO (XSTRM-223): 6. Translating cellView gpdk045/M4_M3/layout as STRUCTURE M4_M3$$6.
INFO (XSTRM-223): 7. Translating cellView gpdk045/M2_M1/layout as STRUCTURE M2_M1$$7.
INFO (XSTRM-223): 8. Translating cellView gpdk045/M3_M2/layout as STRUCTURE M3_M2$$8.
INFO (XSTRM-223): 9. Translating cellView gpdk045/M4_M3/layout as STRUCTURE M4_M3$$9.
INFO (XSTRM-223): 10. Translating cellView gpdk045/M2_M1/layout as STRUCTURE M2_M1$$10.
INFO (XSTRM-223): 11. Translating cellView gpdk045/M3_M2/layout as STRUCTURE M3_M2$$11.
INFO (XSTRM-223): 12. Translating cellView gpdk045/M2_M1/layout as STRUCTURE M2_M1$$12.
INFO (XSTRM-223): 13. Translating cellView gpdk045/M3_M2/layout as STRUCTURE M3_M2$$13.
INFO (XSTRM-223): 14. Translating cellView gpdk045/M4_M3/layout as STRUCTURE M4_M3$$14.
INFO (XSTRM-223): 15. Translating cellView gpdk045/M2_M1/layout as STRUCTURE M2_M1$$15.
INFO (XSTRM-223): 16. Translating cellView gpdk045/M3_M2/layout as STRUCTURE M3_M2$$16.
INFO (XSTRM-223): 17. Translating cellView gpdk045/M4_M3/layout as STRUCTURE M4_M3$$17.
INFO (XSTRM-223): 18. Translating cellView PnR/BUFX16/layout as STRUCTURE BUFX16.
INFO (XSTRM-223): 19. Translating cellView PnR/BUFX3/layout as STRUCTURE BUFX3.
INFO (XSTRM-223): 20. Translating cellView PnR/DFFRHQX1/layout as STRUCTURE DFFRHQX1.
INFO (XSTRM-223): 21. Translating cellView PnR/OAI211X1/layout as STRUCTURE OAI211X1.
INFO (XSTRM-223): 22. Translating cellView PnR/NAND2X1/layout as STRUCTURE NAND2X1.
INFO (XSTRM-223): 23. Translating cellView PnR/AOI221X1/layout as STRUCTURE AOI221X1.
INFO (XSTRM-223): 24. Translating cellView PnR/AOI22X1/layout as STRUCTURE AOI22X1.
INFO (XSTRM-223): 25. Translating cellView PnR/AOI211XL/layout as STRUCTURE AOI211XL.
INFO (XSTRM-223): 26. Translating cellView PnR/NAND3X1/layout as STRUCTURE NAND3X1.
INFO (XSTRM-223): 27. Translating cellView PnR/XNOR2X1/layout as STRUCTURE XNOR2X1.
INFO (XSTRM-223): 28. Translating cellView PnR/OAI221X1/layout as STRUCTURE OAI221X1.
INFO (XSTRM-223): 29. Translating cellView PnR/OAI21X1/layout as STRUCTURE OAI21X1.
INFO (XSTRM-223): 30. Translating cellView PnR/NOR2BX1/layout as STRUCTURE NOR2BX1.
INFO (XSTRM-223): 31. Translating cellView PnR/INVX1/layout as STRUCTURE INVX1.
INFO (XSTRM-223): 32. Translating cellView PnR/AOI222X1/layout as STRUCTURE AOI222X1.
INFO (XSTRM-223): 33. Translating cellView PnR/AND2X1/layout as STRUCTURE AND2X1.
INFO (XSTRM-223): 34. Translating cellView PnR/OAI2BB1X1/layout as STRUCTURE OAI2BB1X1.
INFO (XSTRM-223): 35. Translating cellView PnR/OAI22X1/layout as STRUCTURE OAI22X1.
INFO (XSTRM-223): 36. Translating cellView PnR/OAI222X1/layout as STRUCTURE OAI222X1.
INFO (XSTRM-223): 37. Translating cellView PnR/NAND2BX1/layout as STRUCTURE NAND2BX1.
INFO (XSTRM-223): 38. Translating cellView PnR/AO21XL/layout as STRUCTURE AO21XL.
INFO (XSTRM-223): 39. Translating cellView PnR/AOI21X1/layout as STRUCTURE AOI21X1.
INFO (XSTRM-223): 40. Translating cellView PnR/NOR2X1/layout as STRUCTURE NOR2X1.
INFO (XSTRM-223): 41. Translating cellView PnR/OAI222X4/layout as STRUCTURE OAI222X4.
INFO (XSTRM-223): 42. Translating cellView PnR/OAI222X2/layout as STRUCTURE OAI222X2.
INFO (XSTRM-223): 43. Translating cellView PnR/OA22X1/layout as STRUCTURE OA22X1.
INFO (XSTRM-223): 44. Translating cellView PnR/OA21X1/layout as STRUCTURE OA21X1.
INFO (XSTRM-223): 45. Translating cellView PnR/NOR3X1/layout as STRUCTURE NOR3X1.
INFO (XSTRM-223): 46. Translating cellView PnR/NAND4X1/layout as STRUCTURE NAND4X1.
INFO (XSTRM-223): 47. Translating cellView PnR/NOR2XL/layout as STRUCTURE NOR2XL.
INFO (XSTRM-223): 48. Translating cellView PnR/OR2X1/layout as STRUCTURE OR2X1.
INFO (XSTRM-223): 49. Translating cellView PnR/NOR2X2/layout as STRUCTURE NOR2X2.
INFO (XSTRM-223): 50. Translating cellView PnR/NOR4X1/layout as STRUCTURE NOR4X1.
INFO (XSTRM-223): 51. Translating cellView PnR/XOR2X1/layout as STRUCTURE XOR2X1.
INFO (XSTRM-223): 52. Translating cellView PnR/MXI2XL/layout as STRUCTURE MXI2XL.
INFO (XSTRM-223): 53. Translating cellView PnR/OAI32X1/layout as STRUCTURE OAI32X1.
INFO (XSTRM-223): 54. Translating cellView PnR/FILL2/layout as STRUCTURE FILL2.
INFO (XSTRM-223): 55. Translating cellView PnR/FILL1/layout as STRUCTURE FILL1.
INFO (XSTRM-223): 56. Translating cellView PnR/FILL4/layout as STRUCTURE FILL4.
INFO (XSTRM-223): 57. Translating cellView PnR/FILL8/layout as STRUCTURE FILL8.
INFO (XSTRM-223): 58. Translating cellView PnR/M5_M4_VH/layout as STRUCTURE M5_M4_VH.
INFO (XSTRM-223): 59. Translating cellView PnR/TOP_VIA0/layout as STRUCTURE TOP_VIA0.
INFO (XSTRM-223): 60. Translating cellView PnR/TOP_VIA1/layout as STRUCTURE TOP_VIA1.
INFO (XSTRM-223): 61. Translating cellView PnR/TOP_VIA2/layout as STRUCTURE TOP_VIA2.
INFO (XSTRM-223): 62. Translating cellView PnR/TOP_VIA3/layout as STRUCTURE TOP_VIA3.
INFO (XSTRM-223): 63. Translating cellView PnR/TOP_VIA4/layout as STRUCTURE TOP_VIA4.
INFO (XSTRM-223): 64. Translating cellView PnR/TOP_VIA5/layout as STRUCTURE TOP_VIA5.
INFO (XSTRM-223): 65. Translating cellView PnR/TOP_VIA6/layout as STRUCTURE TOP_VIA6.
INFO (XSTRM-223): 66. Translating cellView PnR/TOP_VIA10/layout as STRUCTURE TOP_VIA10.
INFO (XSTRM-223): 67. Translating cellView PnR/TOP_VIA11/layout as STRUCTURE TOP_VIA11.
INFO (XSTRM-223): 68. Translating cellView PnR/TOP_VIA12/layout as STRUCTURE TOP_VIA12.
INFO (XSTRM-223): 69. Translating cellView PnR/TOP_VIA13/layout as STRUCTURE TOP_VIA13.
INFO (XSTRM-223): 70. Translating cellView PnR/TOP_VIA17/layout as STRUCTURE TOP_VIA17.
INFO (XSTRM-223): 71. Translating cellView PnR/TOP/layout as STRUCTURE TOP.

Summary of Objects Translated:
	Scalar Instances:                       747
	Array Instances:                        0
	Polygons:                               375
	Paths:                                  1378
	Rectangles:                             2395
	Lines:                                  0
	Arcs:                                   0
	Donuts:                                 0
	Dots:                                   0
	Ellipses:                               0
	Boundaries:                             0
	Area Blockages:                         0
	Layer Blockages:                        0
	Area Halos:                             0
	Markers:                                0
	Rows:                                   0
	Standard Vias                           1473
	Custom Vias:                            0
	CdsGen Vias:                            0
	Pathsegs:                               0
	Text:                                   706
	TextDisplay:                            0
	Cells:                                  71

Elapsed Time: 0.5s   User Time: 0.1s   CPU Time: 0.1s   Peak VM: 5564KB
INFO (XSTRM-234): Translation completed. '0' error(s) and '0' warning(s) found.
