
Cadence Innovus(TM) Implementation System.
Copyright 2016 Cadence Design Systems, Inc. All rights reserved worldwide.

Version:	v16.10-p004_1, built Thu May 12 14:48:49 PDT 2016
Options:	
Date:		Tue Jun 13 09:59:56 2023
Host:		CadenceServer3.localdomain (x86_64 w/Linux 2.6.32-642.el6.x86_64) (8cores*16cpus*Intel(R) Xeon(R) CPU E5-2630 v3 @ 2.40GHz 20480KB)
OS:		CentOS release 6.8 (Final)

License:
		invs	Innovus Implementation System	16.1	checkout succeeded
		8 CPU jobs allowed with the current license(s). Use setMultiCpuUsage to set your required CPU count.

**INFO:  MMMC transition support version v31-84 

<CMD> set_global _enable_mmmc_by_default_flow      $CTE::mmmc_default
<CMD> suppressMessage ENCEXT-2799
<CMD> getVersion
<CMD> getVersion
<CMD> getDrawView
<CMD> loadWorkspace -name Physical
<CMD> win
<CMD> win off

*** Memory Usage v#1 (Current mem = 497.141M, initial mem = 165.195M) ***
*** Message Summary: 0 warning(s), 0 error(s)

--- Ending "Innovus" (totcpu=0:00:14.0, real=0:03:13, mem=497.1M) ---
