###############################################################
#  Generated by:      Cadence Innovus 16.10-p004_1
#  OS:                Linux x86_64(Host ID CadenceServer3.localdomain)
#  Generated on:      Tue Jun 13 11:03:23 2023
#  Design:            TOP
#  Command:           checkPinAssignment
###############################################################

Start Checking pins of top cell: [TOP] 
**ERROR: (IMPPTN-1755):   Pin [A[3]] of partition [TOP] is [PLACED] at location (   0.000,   10.000) on layer 3 is NOT ON ROUTING TRACK.
**ERROR: (IMPPTN-1755):   Pin [A[2]] of partition [TOP] is [PLACED] at location (   0.000,    8.000) on layer 3 is NOT ON ROUTING TRACK.
**ERROR: (IMPPTN-1755):   Pin [A[1]] of partition [TOP] is [PLACED] at location (   0.000,    6.000) on layer 3 is NOT ON ROUTING TRACK.
**ERROR: (IMPPTN-1755):   Pin [A[0]] of partition [TOP] is [PLACED] at location (   0.000,    4.000) on layer 3 is NOT ON ROUTING TRACK.
**ERROR: (IMPPTN-1755):   Pin [B[3]] of partition [TOP] is [PLACED] at location (   0.000,   18.000) on layer 3 is NOT ON ROUTING TRACK.
**ERROR: (IMPPTN-1755):   Pin [B[2]] of partition [TOP] is [PLACED] at location (   0.000,   16.000) on layer 3 is NOT ON ROUTING TRACK.
**ERROR: (IMPPTN-1755):   Pin [B[1]] of partition [TOP] is [PLACED] at location (   0.000,   14.000) on layer 3 is NOT ON ROUTING TRACK.
**ERROR: (IMPPTN-1755):   Pin [B[0]] of partition [TOP] is [PLACED] at location (   0.000,   12.000) on layer 3 is NOT ON ROUTING TRACK.
**ERROR: (IMPPTN-1755):   Pin [S[2]] of partition [TOP] is [PLACED] at location (  11.000,    0.000) on layer 4 is NOT ON ROUTING TRACK.
**ERROR: (IMPPTN-1755):   Pin [S[1]] of partition [TOP] is [PLACED] at location (  13.000,    0.000) on layer 4 is NOT ON ROUTING TRACK.
**ERROR: (IMPPTN-1755):   Pin [S[0]] of partition [TOP] is [PLACED] at location (  15.000,    0.000) on layer 4 is NOT ON ROUTING TRACK.
**ERROR: (IMPPTN-1755):   Pin [Cin] of partition [TOP] is [PLACED] at location (   0.000,   20.000) on layer 3 is NOT ON ROUTING TRACK.
**ERROR: (IMPPTN-1755):   Pin [clk] of partition [TOP] is [PLACED] at location (  13.000,   26.030) on layer 4 is NOT ON ROUTING TRACK.
**ERROR: (IMPPTN-1755):   Pin [reset] of partition [TOP] is [PLACED] at location (  17.000,    0.000) on layer 4 is NOT ON ROUTING TRACK.
**ERROR: (IMPPTN-1755):   Pin [H[1]] of partition [TOP] is [PLACED] at location (   7.000,    0.000) on layer 4 is NOT ON ROUTING TRACK.
**ERROR: (IMPPTN-1755):   Pin [H[0]] of partition [TOP] is [PLACED] at location (   9.000,    0.000) on layer 4 is NOT ON ROUTING TRACK.
**ERROR: (IMPPTN-1755):   Pin [O[3]] of partition [TOP] is [PLACED] at location (  26.000,    9.000) on layer 3 is NOT ON ROUTING TRACK.
**ERROR: (IMPPTN-1755):   Pin [O[2]] of partition [TOP] is [PLACED] at location (  26.000,   11.000) on layer 3 is NOT ON ROUTING TRACK.
**ERROR: (IMPPTN-1755):   Pin [O[1]] of partition [TOP] is [PLACED] at location (  26.000,   13.000) on layer 3 is NOT ON ROUTING TRACK.
**ERROR: (IMPPTN-1755):   Pin [O[0]] of partition [TOP] is [PLACED] at location (  26.000,   15.000) on layer 3 is NOT ON ROUTING TRACK.
**ERROR: (IMPPTN-1755):   Pin [Cout] of partition [TOP] is [PLACED] at location (  26.000,    7.000) on layer 3 is NOT ON ROUTING TRACK.
Summary report for top level: [TOP] 
	Total Pins                         : 21
	Illegally Assigned Pins            : 21
End of Summary report
End Checking pins of top cell: [TOP] 


===========================================================================================================================
                                                checkPinAssignment Summary
===========================================================================================================================
Partition   | pads  | pins   | legal  | illegal | internal | internal illegal | FT     | FT illegal | constant | unplaced |
===========================================================================================================================
TOP         |     0 |     21 |      0 |      21 |        0 |                0 |      0 |          0 |        0 |        0 |
===========================================================================================================================
TOTAL       |     0 |     21 |      0 |      21 |        0 |                0 |      0 |          0 |        0 |        0 |
===========================================================================================================================
