============================================================
  Generated by:           Genus(TM) Synthesis Solution 16.13-s036_1
  Generated on:           Jun 13 2023  03:41:47 pm
  Module:                 TOP
  Technology libraries:   slow_vdd1v0 1.0
                          fast_vdd1v0 1.0
  Operating conditions:   PVT_0P9V_125C 
  Interconnect mode:      global
  Area mode:              timing library
============================================================

     Pin                 Type         Fanout Load Slew Delay Arrival   
                                             (fF) (ps)  (ps)   (ps)    
-----------------------------------------------------------------------
reset           (u)  in port              10  6.0    0    +0       0 R 
alu_inst/reset 
  Cout_reg/aclr      unmapped_d_flop                      +0       0   
-----------------------------------------------------------------------
Timing slack :  UNCONSTRAINED
Start-point  : reset
End-point    : alu_inst/Cout_reg/aclr

(u) : Net has unmapped pin(s).
============================================================
  Generated by:           Genus(TM) Synthesis Solution 16.13-s036_1
  Generated on:           Jun 13 2023  03:41:47 pm
  Module:                 TOP
  Technology libraries:   slow_vdd1v0 1.0
                          fast_vdd1v0 1.0
  Operating conditions:   PVT_0P9V_125C 
  Interconnect mode:      global
  Area mode:              timing library
============================================================

No paths found.

============================================================
  Generated by:           Genus(TM) Synthesis Solution 16.13-s036_1
  Generated on:           Jun 13 2023  03:41:47 pm
  Module:                 TOP
  Technology libraries:   slow_vdd1v0 1.0
                          fast_vdd1v0 1.0
  Operating conditions:   PVT_0P9V_125C 
  Interconnect mode:      global
  Area mode:              timing library
============================================================

        Pin                    Type         Fanout Load Slew Delay Arrival   
                                                   (fF) (ps)  (ps)   (ps)    
-----------------------------------------------------------------------------
(clock func_clk)           launch                                        0 R 
(TOP.sdc_line_17_5_1)      ext delay                          +500     500 R 
B[1]                  (u)  in port               9 10.8    0    +0     500 R 
alu_inst/B[1] 
  add_45_12/B[1] 
    g6/in_1                                                     +0     500   
    g6/z              (u)  unmapped_nor2         1  1.1    0   +79     579 F 
    g12/in_0                                                    +0     579   
    g12/z             (u)  unmapped_not          2  2.4    0   +58     636 R 
    g13/in_1                                                    +0     636   
    g13/z             (u)  unmapped_nand2        1  1.1    0   +79     715 F 
    g14/in_1                                                    +0     715   
    g14/z             (u)  unmapped_nand2        3  3.6    0  +111     826 R 
    g20/in_0                                                    +0     826   
    g20/z             (u)  unmapped_nand2        1  1.1    0   +79     904 F 
    g21/in_1                                                    +0     904   
    g21/z             (u)  unmapped_nand2        1  1.2    0   +79     983 R 
    g30/in_0                                                    +0     983   
    g30/z             (u)  unmapped_xnor2        6  7.2    0  +226    1209 R 
  add_45_12/Z[3] 
  gte_45_15/A[3] 
    g16/in_0                                                    +0    1209   
    g16/z             (u)  unmapped_nor2         2  2.2    0   +93    1302 F 
    g26/in_1                                                    +0    1302   
    g26/z             (u)  unmapped_nor2         1  1.2    0   +79    1381 R 
    g30/in_0                                                    +0    1381   
    g30/z             (u)  unmapped_nand2        1  1.1    0   +79    1459 F 
    g31/in_1                                                    +0    1459   
    g31/z             (u)  unmapped_nand2        1  1.2    0   +79    1538 R 
    g48/in_0                                                    +0    1538   
    g48/z             (u)  unmapped_not          1  1.1    0   +43    1581 F 
    g34/in_1                                                    +0    1581   
    g34/z             (u)  unmapped_nand2        1  1.2    0   +79    1660 R 
  gte_45_15/Z 
  mux_Cout_45_15/ctl 
    g1/sel0                                                     +0    1660   
    g1/z              (u)  unmapped_bmux3        1  1.2    0  +172    1832 R 
  mux_Cout_45_15/z 
  mux_Cout_16_3/in_3 
    g1/data3                                                    +0    1832   
    g1/z              (u)  unmapped_bmux20       2  2.4    0  +631    2463 R 
  mux_Cout_16_3/z 
  Cout_reg/d               unmapped_d_flop                      +0    2463   
  Cout_reg/clk             setup                           0  +119    2582 R 
- - - - - - - - - - - - - - - - - - - - - - - - - - - - - - - - - - - - - - -
(clock func_clk)           capture                                   10000 R 
-----------------------------------------------------------------------------
Cost Group   : 'I2C' (path_group 'I2C')
Timing slack :    7418ps 
Start-point  : B[1]
End-point    : alu_inst/Cout_reg/d

(u) : Net has unmapped pin(s).
============================================================
  Generated by:           Genus(TM) Synthesis Solution 16.13-s036_1
  Generated on:           Jun 13 2023  03:41:47 pm
  Module:                 TOP
  Technology libraries:   slow_vdd1v0 1.0
                          fast_vdd1v0 1.0
  Operating conditions:   PVT_0P9V_125C 
  Interconnect mode:      global
  Area mode:              timing library
============================================================

         Pin                    Type         Fanout Load Slew Delay Arrival   
                                                    (fF) (ps)  (ps)   (ps)    
------------------------------------------------------------------------------
(clock func_clk)            launch                                        0 R 
alu_inst
  F_reg[1]/clk                                              0             0 R 
  F_reg[1]/q           (u)  unmapped_d_flop       3  3.6    0  +358     358 R 
alu_inst/F[1] 
shifter_inst/F[1] 
  mux_O_8_8/in_1[0] 
    g4/data1                                                     +0     358   
    g4/z               (u)  unmapped_bmux6        1  3.9    0  +297     654 R 
  mux_O_8_8/z[0] 
shifter_inst/O[0] 
O[0]                        out port                             +0     654 R 
(TOP.sdc_line_23_12_1)      ext delay                          +500    1154 R 
- - - - - - - - - - - - - - - - - - - - - - - - - - - - - - - - - - - - - - - 
(clock func_clk)            capture                                   10000 R 
------------------------------------------------------------------------------
Cost Group   : 'C2O' (path_group 'C2O')
Timing slack :    8846ps 
Start-point  : alu_inst/F_reg[1]/clk
End-point    : O[0]

(u) : Net has unmapped pin(s).
============================================================
  Generated by:           Genus(TM) Synthesis Solution 16.13-s036_1
  Generated on:           Jun 13 2023  03:41:47 pm
  Module:                 TOP
  Technology libraries:   slow_vdd1v0 1.0
                          fast_vdd1v0 1.0
  Operating conditions:   PVT_0P9V_125C 
  Interconnect mode:      global
  Area mode:              timing library
============================================================

No paths found.

============================================================
  Generated by:           Genus(TM) Synthesis Solution 16.13-s036_1
  Generated on:           Jun 13 2023  03:41:47 pm
  Module:                 TOP
  Technology libraries:   slow_vdd1v0 1.0
                          fast_vdd1v0 1.0
  Operating conditions:   PVT_0P9V_125C 
  Interconnect mode:      global
  Area mode:              timing library
============================================================

         Pin                    Type        Fanout Load Slew Delay Arrival   
                                                   (fF) (ps)  (ps)   (ps)    
-----------------------------------------------------------------------------
(clock func_clk)            launch                                       0 R 
(TOP.sdc_line_20_9_1)       ext delay                         +500     500 R 
H[0]                   (u)  in port              4  4.8    0    +0     500 R 
shifter_inst/H[0] 
  mux_O_8_8/ctl[0] 
    g4/sel0                                                     +0     500   
    g4/z               (u)  unmapped_bmux6       1  3.9    0  +297     797 R 
  mux_O_8_8/z[0] 
shifter_inst/O[0] 
O[0]                        out port                            +0     797 R 
(TOP.sdc_line_23_12_1)      ext delay                         +500    1297 R 
- - - - - - - - - - - - - - - - - - - - - - - - - - - - - - - - - - - - - - -
(clock func_clk)            capture                                  10000 R 
-----------------------------------------------------------------------------
Cost Group   : 'I2O' (path_group 'I2O')
Timing slack :    8703ps 
Start-point  : H[0]
End-point    : O[0]

(u) : Net has unmapped pin(s).
