Command: report datapath > reports_Jun14-15:29:02/TOP_datapath_incr.rpt
============================================================
  Generated by:           Genus(TM) Synthesis Solution 16.13-s036_1
  Generated on:           Jun 14 2023  03:29:08 pm
  Module:                 TOP
  Technology library:     fast_vdd1v0 1.0
  Operating conditions:   PVT_1P1V_0C 
  Interconnect mode:      global
  Area mode:              timing library
============================================================


Inferred components

                 Operator   Signedness Inputs Outputs CellArea 
===============================================================
TOP
 alu_inst
  csa_tree_gte_45_15_groupi
  module:csa_tree_gte_45_15_group_24
   very_fast  csa_and_adder            5x5    1          10.94 
---------------------------------------------------------------
   gte_45_15
    very_fast       >=      unsigned   5x4    1                
===============================================================
TOP
 alu_inst
  csa_tree_gte_63_16_groupi
  module:csa_tree_gte_63_16_group_26
   very_fast  csa_and_adder            5x5    1          13.34 
---------------------------------------------------------------
   gte_63_16
    very_fast       >=      unsigned   5x5    1                
===============================================================

      Type       CellArea Percentage 
-------------------------------------
datapath modules    24.28       8.33 
external muxes       0.00       0.00 
others             267.10      91.67 
-------------------------------------
total              291.38     100.00 

