============================================================
  Generated by:           Genus(TM) Synthesis Solution 16.13-s036_1
  Generated on:           Jun 14 2023  03:29:07 pm
  Module:                 TOP
  Technology library:     fast_vdd1v0 1.0
  Operating conditions:   PVT_1P1V_0C 
  Interconnect mode:      global
  Area mode:              timing library
============================================================

                                Leakage  
   Gate    Instances   Area   Power (nW)     Library    
--------------------------------------------------------
ADDHX1             7   26.334      1.867    fast_vdd1v0 
AND2X1             5    6.840      0.449    fast_vdd1v0 
AO22X1             2    5.472      0.249    fast_vdd1v0 
AOI211XL           1    2.052      0.118    fast_vdd1v0 
AOI21X1            5    8.550      0.449    fast_vdd1v0 
AOI221X1           1    2.394      0.182    fast_vdd1v0 
AOI22X1            5   10.260      0.705    fast_vdd1v0 
AOI2BB1X1          2    4.104      0.239    fast_vdd1v0 
AOI31X1            2    4.104      0.266    fast_vdd1v0 
CLKXOR2X1          2    5.472      0.362    fast_vdd1v0 
INVX1             18   12.312      0.805    fast_vdd1v0 
NAND2BX1          11   15.048      1.119    fast_vdd1v0 
NAND2X1           13   13.338      0.928    fast_vdd1v0 
NAND3BX1           1    2.052      0.125    fast_vdd1v0 
NAND3BXL           1    1.710      0.090    fast_vdd1v0 
NAND3X1            2    3.420      0.212    fast_vdd1v0 
NAND3X2            1    2.736      0.175    fast_vdd1v0 
NOR2BX1            4    5.472      0.420    fast_vdd1v0 
NOR2X1            13   13.338      0.917    fast_vdd1v0 
OA21X1             3    6.156      0.340    fast_vdd1v0 
OA22X1             7   16.758      0.904    fast_vdd1v0 
OAI211X1           5    8.550      0.627    fast_vdd1v0 
OAI21X1            4    6.840      0.401    fast_vdd1v0 
OAI221X1           5   11.970      0.767    fast_vdd1v0 
OAI222X1           1    2.736      0.183    fast_vdd1v0 
OAI22X1            6   12.312      0.690    fast_vdd1v0 
OAI2BB1X1          5    8.550      0.579    fast_vdd1v0 
OAI32X1            1    2.394      0.142    fast_vdd1v0 
OR2X1              1    1.368      0.094    fast_vdd1v0 
OR3X1              1    2.052      0.104    fast_vdd1v0 
OR4X1              2    4.104      0.357    fast_vdd1v0 
SDFFRHQX1          5   41.040      2.544    fast_vdd1v0 
XNOR2X1            9   21.546      1.614    fast_vdd1v0 
--------------------------------------------------------
total            151  291.384     19.024                


                                          Leakage  Leakage 
     Type      Instances   Area  Area % Power (nW) Power % 
-----------------------------------------------------------
sequential             5  41.040   14.1      2.544    13.4 
inverter              18  12.312    4.2      0.805     4.2 
logic                128 238.032   81.7     15.674    82.4 
physical_cells         0   0.000    0.0      0.000     0.0 
-----------------------------------------------------------
total                151 291.384  100.0     19.024   100.0 

