============================================================
  Generated by:           Genus(TM) Synthesis Solution 16.13-s036_1
  Generated on:           Jun 15 2023  12:23:37 pm
  Module:                 TOP
  Technology libraries:   slow_vdd1v0 1.0
                          fast_vdd1v0 1.0
  Operating conditions:   PVT_0P9V_125C (balanced_tree)
  Wireload mode:          enclosed
  Area mode:              timing library
============================================================

Timing
--------

  Clock  Period 
----------------
func_clk 5000.0 


  Cost     Critical       Violating 
  Group   Path Slack TNS    Paths   
------------------------------------
default     No paths   0            
func_clk      2959.2   0          0 
------------------------------------
Total                  0          0 

Instance Count
--------------
Leaf Instance Count             195 
Sequential Instance Count         5 
Combinational Instance Count    190 
Hierarchical Instance Count       7 

Area
----
Cell Area                          652.189
Physical Cell Area                 0.000
Total Cell Area (Cell+Physical)    652.189
Net Area                           0.000
Total Area (Cell+Physical+Net)     652.189

Runtime                            0.0 seconds
Elapsed Runtime                    37 seconds
Genus peak memory usage            503.95 
Innovus peak memory usage          no_value 
Hostname                           CadenceServer3.localdomain
