============================================================
  Generated by:           Genus(TM) Synthesis Solution 16.13-s036_1
  Generated on:           Jun 15 2023  12:23:36 pm
  Module:                 TOP
  Technology libraries:   slow_vdd1v0 1.0
                          fast_vdd1v0 1.0
  Operating conditions:   PVT_0P9V_125C (balanced_tree)
  Wireload mode:          enclosed
  Area mode:              timing library
============================================================

                    Instance                            Module         Cells  Cell Area  Net Area   Total Area  Wireload     
-----------------------------------------------------------------------------------------------------------------------------
TOP                                                                      195        652         0          652    <none> (D) 
  alu_inst                                       ALU                     191        613         0          613    <none> (D) 
    sub_35_10                                    sub_unsigned_8           27         55         0           55    <none> (D) 
    add_45_12                                    add_unsigned_436         21         54         0           54    <none> (D) 
    gte_72_13_Y_gt_36_10_Y_gte_45_15_Y_gte_63_16 gt_leq_unsigned_92       19         45         0           45    <none> (D) 
    inc_add_53_12_Y_add_44_12_1                  increment_unsigned_2      7         17         0           17    <none> (D) 
    dec_sub_26_10_Y_sub_35_12_2                  decrement_unsigned_3      7         17         0           17    <none> (D) 
  shifter_inst                                   SHIFTER                   4         39         0           39    <none> (D) 

 (D) = wireload is default in technology library
