============================================================
  Generated by:           Genus(TM) Synthesis Solution 16.13-s036_1
  Generated on:           Jun 15 2023  12:23:38 pm
  Module:                 TOP
  Technology libraries:   slow_vdd1v0 1.0
                          fast_vdd1v0 1.0
  Operating conditions:   PVT_0P9V_125C (balanced_tree)
  Wireload mode:          enclosed
  Area mode:              timing library
============================================================

                                Leakage  
   Gate    Instances   Area   Power (nW)     Library    
--------------------------------------------------------
AND2X1             1    1.368      0.033    slow_vdd1v0 
AO21XL             1    2.394      0.029    slow_vdd1v0 
AOI211XL           2    4.104      0.051    slow_vdd1v0 
AOI21X1            3    5.130      0.114    slow_vdd1v0 
AOI221X1           6   14.364      0.368    slow_vdd1v0 
AOI222X1           2    6.156      0.128    slow_vdd1v0 
AOI22X1            7   14.364      0.298    slow_vdd1v0 
DFFRHQX1           5   30.780      0.669    slow_vdd1v0 
INVX1             29   19.836      0.615    slow_vdd1v0 
MXI2XL             1    2.394      0.032    slow_vdd1v0 
NAND2BX1           5    6.840      0.173    slow_vdd1v0 
NAND2X1           14   14.364      0.367    slow_vdd1v0 
NAND3X1            1    1.710      0.030    slow_vdd1v0 
NAND4XL            2    3.420      0.031    slow_vdd1v0 
NOR2BX1            3    4.104      0.116    slow_vdd1v0 
NOR2X1            17   17.442      0.428    slow_vdd1v0 
NOR2XL             1    1.026      0.020    slow_vdd1v0 
NOR3X1             1    1.710      0.059    slow_vdd1v0 
NOR4X1             1    1.710      0.026    slow_vdd1v0 
OA21X1             2    4.104      0.085    slow_vdd1v0 
OA22X1             1    2.394      0.044    slow_vdd1v0 
OAI211X1           6   10.260      0.322    slow_vdd1v0 
OAI21X1            4    6.840      0.135    slow_vdd1v0 
OAI221X1           5   11.970      0.263    slow_vdd1v0 
OAI222X1           4   10.944      0.229    slow_vdd1v0 
OAI22X1           11   22.572      0.431    slow_vdd1v0 
OAI2BB1X1          4    6.840      0.172    slow_vdd1v0 
OAI32X1            1    2.394      0.038    slow_vdd1v0 
OR2X1              5    6.840      0.166    slow_vdd1v0 
XNOR2X1            6   14.364      0.386    slow_vdd1v0 
XOR2X1             1    2.736      0.062    slow_vdd1v0 
--------------------------------------------------------
total            152  255.474      5.922                


                                          Leakage  Leakage 
     Type      Instances   Area  Area % Power (nW) Power % 
-----------------------------------------------------------
sequential             5  30.780   12.0      0.669    11.3 
inverter              29  19.836    7.8      0.615    10.4 
logic                118 204.858   80.2      4.638    78.3 
physical_cells         0   0.000    0.0      0.000     0.0 
-----------------------------------------------------------
total                152 255.474  100.0      5.922   100.0 

