Command: report datapath > reports/TOP_datapath_generic.rpt
============================================================
  Generated by:           Genus(TM) Synthesis Solution 16.13-s036_1
  Generated on:           Jun 15 2023  12:23:36 pm
  Module:                 TOP
  Technology libraries:   slow_vdd1v0 1.0
                          fast_vdd1v0 1.0
  Operating conditions:   PVT_0P9V_125C (balanced_tree)
  Wireload mode:          enclosed
  Area mode:              timing library
============================================================


Inferred components

               Operator Signedness Inputs Outputs CellArea 
===========================================================
TOP
 alu_inst
  add_45_12
  module:add_unsigned_436
   slow           +     unsigned   4x4    5          53.84 
===========================================================
TOP
 alu_inst
  dec_sub_26_10_Y_sub_35_12_2
  module:decrement_unsigned_3
   very_fast  decrement unsigned   4x1    4          17.13 
-----------------------------------------------------------
   sub_26_10_Y_sub_35_12
                  -     unsigned   4x1    4                
===========================================================
TOP
 alu_inst
  gte_72_13_Y_gt_36_10_Y_gte_45_15_Y_gte_63_16
  module:gt_leq_unsigned_92
   very_fast     >,<=   unsigned   5x5    1x1        45.27 
-----------------------------------------------------------
   gte_72_13
    very_fast     >=    unsigned   4x4    1                
   gt_36_10
    very_fast     >     unsigned   4x4    1                
   gte_45_15
    very_fast     >=    unsigned   5x4    1                
   gte_63_16
    very_fast     >=    unsigned   5x5    1                
===========================================================
TOP
 alu_inst
  inc_add_53_12_Y_add_44_12_1
  module:increment_unsigned_2
   very_fast  increment unsigned   4x1    4          17.13 
-----------------------------------------------------------
   add_53_12_Y_add_44_12
                  +     unsigned   4x1    4                
===========================================================
TOP
 alu_inst
  sub_35_10
  module:sub_unsigned_8
   very_fast      -     unsigned   4x4    4          55.06 
===========================================================

      Type       CellArea Percentage 
-------------------------------------
datapath modules   188.44      28.89 
external muxes       0.00       0.00 
others             463.75      71.11 
-------------------------------------
total              652.19     100.00 

