============================================================
  Generated by:           Genus(TM) Synthesis Solution 16.13-s036_1
  Generated on:           Jun 15 2023  12:28:26 pm
  Module:                 TOP
  Technology library:     fast_vdd1v0 1.0
  Operating conditions:   PVT_1P1V_0C 
  Interconnect mode:      global
  Area mode:              timing library
============================================================

Timing
--------

  Clock   Period 
-----------------
func_clk 10000.0 


  Cost     Critical       Violating 
  Group   Path Slack TNS    Paths   
------------------------------------
C2C           9852.9   0          0 
C2O           9281.2   0          0 
default     No paths   0            
func_clk    No paths   0            
I2C           8535.2   0          0 
I2O           8770.2   0          0 
------------------------------------
Total                  0          0 

Instance Count
--------------
Leaf Instance Count             151 
Sequential Instance Count         5 
Combinational Instance Count    146 
Hierarchical Instance Count       4 

Area
----
Cell Area                          291.384
Physical Cell Area                 0.000
Total Cell Area (Cell+Physical)    291.384
Net Area                           211.649
Total Area (Cell+Physical+Net)     503.033

Runtime                            0.0 seconds
Elapsed Runtime                    28 seconds
Genus peak memory usage            525.65 
Innovus peak memory usage          no_value 
Hostname                           CadenceServer3.localdomain
